{"C:\\Users\\admin\\Desktop\\hbcx\\hbcx\\src\\assets\\js\\pool.js": {"path":"C:\\Users\\admin\\Desktop\\hbcx\\hbcx\\src\\assets\\js\\pool.js","statementMap":{"0":{"start":{"line":3,"column":1},"end":{"line":12,"column":2}},"1":{"start":{"line":4,"column":2},"end":{"line":11,"column":3}},"2":{"start":{"line":5,"column":4},"end":{"line":10,"column":5}},"3":{"start":{"line":7,"column":5},"end":{"line":null,"column":-1}},"4":{"start":{"line":8,"column":5},"end":{"line":null,"column":-1}},"5":{"start":{"line":9,"column":5},"end":{"line":null,"column":-1}},"6":{"start":{"line":13,"column":1},"end":{"line":null,"column":-1}},"7":{"start":{"line":17,"column":1},"end":{"line":26,"column":2}},"8":{"start":{"line":18,"column":2},"end":{"line":25,"column":3}},"9":{"start":{"line":19,"column":4},"end":{"line":24,"column":5}},"10":{"start":{"line":21,"column":6},"end":{"line":null,"column":-1}},"11":{"start":{"line":22,"column":6},"end":{"line":null,"column":-1}},"12":{"start":{"line":23,"column":6},"end":{"line":null,"column":-1}},"13":{"start":{"line":27,"column":1},"end":{"line":null,"column":-1}},"14":{"start":{"line":31,"column":11},"end":{"line":31,"column":1}},"15":{"start":{"line":32,"column":1},"end":{"line":36,"column":2}},"16":{"start":{"line":33,"column":3},"end":{"line":35,"column":4}},"17":{"start":{"line":34,"column":4},"end":{"line":null,"column":-1}},"18":{"start":{"line":37,"column":1},"end":{"line":null,"column":-1}},"19":{"start":{"line":41,"column":11},"end":{"line":41,"column":1}},"20":{"start":{"line":42,"column":1},"end":{"line":46,"column":2}},"21":{"start":{"line":43,"column":3},"end":{"line":45,"column":4}},"22":{"start":{"line":44,"column":4},"end":{"line":null,"column":-1}},"23":{"start":{"line":47,"column":1},"end":{"line":null,"column":-1}},"24":{"start":{"line":51,"column":14},"end":{"line":51,"column":1}},"25":{"start":{"line":52,"column":1},"end":{"line":56,"column":2}},"26":{"start":{"line":53,"column":2},"end":{"line":55,"column":3}},"27":{"start":{"line":54,"column":3},"end":{"line":null,"column":-1}},"28":{"start":{"line":57,"column":1},"end":{"line":null,"column":-1}},"29":{"start":{"line":61,"column":1},"end":{"line":null,"column":-1}},"30":{"start":{"line":66,"column":1},"end":{"line":null,"column":-1}},"31":{"start":{"line":67,"column":1},"end":{"line":null,"column":-1}},"32":{"start":{"line":72,"column":1},"end":{"line":null,"column":-1}},"33":{"start":{"line":76,"column":1},"end":{"line":80,"column":2}},"34":{"start":{"line":77,"column":2},"end":{"line":null,"column":-1}},"35":{"start":{"line":79,"column":2},"end":{"line":null,"column":-1}},"36":{"start":{"line":84,"column":1},"end":{"line":null,"column":-1}},"37":{"start":{"line":88,"column":1},"end":{"line":null,"column":-1}},"38":{"start":{"line":95,"column":1},"end":{"line":97,"column":2}},"39":{"start":{"line":96,"column":2},"end":{"line":null,"column":-1}},"40":{"start":{"line":99,"column":1},"end":{"line":101,"column":2}},"41":{"start":{"line":100,"column":2},"end":{"line":null,"column":-1}},"42":{"start":{"line":103,"column":1},"end":{"line":105,"column":2}},"43":{"start":{"line":104,"column":2},"end":{"line":null,"column":-1}},"44":{"start":{"line":109,"column":11},"end":{"line":109,"column":1}},"45":{"start":{"line":110,"column":14},"end":{"line":110,"column":1}},"46":{"start":{"line":111,"column":1},"end":{"line":115,"column":2}},"47":{"start":{"line":112,"column":2},"end":{"line":114,"column":3}},"48":{"start":{"line":113,"column":3},"end":{"line":null,"column":-1}},"49":{"start":{"line":116,"column":1},"end":{"line":null,"column":-1}},"50":{"start":{"line":120,"column":9},"end":{"line":120,"column":1}},"51":{"start":{"line":121,"column":9},"end":{"line":121,"column":1}},"52":{"start":{"line":122,"column":9},"end":{"line":122,"column":1}},"53":{"start":{"line":123,"column":1},"end":{"line":null,"column":-1}},"54":{"start":{"line":126,"column":1},"end":{"line":null,"column":-1}},"55":{"start":{"line":127,"column":1},"end":{"line":null,"column":-1}},"56":{"start":{"line":128,"column":1},"end":{"line":null,"column":-1}},"57":{"start":{"line":129,"column":1},"end":{"line":null,"column":-1}},"58":{"start":{"line":133,"column":11},"end":{"line":133,"column":1}},"59":{"start":{"line":134,"column":11},"end":{"line":134,"column":1}},"60":{"start":{"line":135,"column":1},"end":{"line":140,"column":2}},"61":{"start":{"line":136,"column":15},"end":{"line":136,"column":2}},"62":{"start":{"line":137,"column":2},"end":{"line":139,"column":3}},"63":{"start":{"line":138,"column":3},"end":{"line":null,"column":-1}},"64":{"start":{"line":144,"column":12},"end":{"line":144,"column":1}},"65":{"start":{"line":145,"column":11},"end":{"line":145,"column":1}},"66":{"start":{"line":146,"column":11},"end":{"line":146,"column":1}},"67":{"start":{"line":147,"column":1},"end":{"line":null,"column":-1}},"68":{"start":{"line":148,"column":1},"end":{"line":152,"column":2}},"69":{"start":{"line":149,"column":2},"end":{"line":151,"column":3}},"70":{"start":{"line":150,"column":4},"end":{"line":null,"column":-1}},"71":{"start":{"line":153,"column":1},"end":{"line":null,"column":-1}},"72":{"start":{"line":159,"column":1},"end":{"line":null,"column":-1}},"73":{"start":{"line":160,"column":1},"end":{"line":null,"column":-1}},"74":{"start":{"line":161,"column":14},"end":{"line":161,"column":2}},"75":{"start":{"line":162,"column":2},"end":{"line":186,"column":3}},"76":{"start":{"line":164,"column":14},"end":{"line":164,"column":3}},"77":{"start":{"line":165,"column":3},"end":{"line":169,"column":4}},"78":{"start":{"line":166,"column":4},"end":{"line":null,"column":-1}},"79":{"start":{"line":168,"column":4},"end":{"line":null,"column":-1}},"80":{"start":{"line":172,"column":15},"end":{"line":172,"column":3}},"81":{"start":{"line":173,"column":3},"end":{"line":null,"column":-1}},"82":{"start":{"line":174,"column":3},"end":{"line":null,"column":-1}},"83":{"start":{"line":175,"column":3},"end":{"line":177,"column":4}},"84":{"start":{"line":176,"column":4},"end":{"line":null,"column":-1}},"85":{"start":{"line":179,"column":3},"end":{"line":184,"column":4}},"86":{"start":{"line":180,"column":5},"end":{"line":null,"column":-1}},"87":{"start":{"line":181,"column":5},"end":{"line":null,"column":-1}},"88":{"start":{"line":183,"column":4},"end":{"line":null,"column":-1}},"89":{"start":{"line":187,"column":2},"end":{"line":192,"column":3}},"90":{"start":{"line":188,"column":3},"end":{"line":null,"column":-1}},"91":{"start":{"line":189,"column":3},"end":{"line":191,"column":4}},"92":{"start":{"line":190,"column":4},"end":{"line":null,"column":-1}}},"fnMap":{"0":{"name":"bubSort","decl":{"start":{"line":2,"column":9},"end":{"line":2,"column":0}},"loc":{"start":{"line":2,"column":21},"end":{"line":14,"column":1}}},"1":{"name":"selSort","decl":{"start":{"line":16,"column":9},"end":{"line":16,"column":0}},"loc":{"start":{"line":16,"column":21},"end":{"line":28,"column":1}}},"2":{"name":"getMax","decl":{"start":{"line":30,"column":9},"end":{"line":30,"column":0}},"loc":{"start":{"line":30,"column":20},"end":{"line":38,"column":1}}},"3":{"name":"getMin","decl":{"start":{"line":40,"column":9},"end":{"line":40,"column":0}},"loc":{"start":{"line":40,"column":20},"end":{"line":48,"column":1}}},"4":{"name":"norepeat","decl":{"start":{"line":50,"column":9},"end":{"line":50,"column":0}},"loc":{"start":{"line":50,"column":22},"end":{"line":58,"column":1}}},"5":{"name":"random1num","decl":{"start":{"line":60,"column":9},"end":{"line":60,"column":0}},"loc":{"start":{"line":60,"column":28},"end":{"line":62,"column":1}}},"6":{"name":"date1String","decl":{"start":{"line":65,"column":9},"end":{"line":65,"column":0}},"loc":{"start":{"line":65,"column":31},"end":{"line":68,"column":1}}},"7":{"name":"isDblNum","decl":{"start":{"line":71,"column":9},"end":{"line":71,"column":0}},"loc":{"start":{"line":71,"column":23},"end":{"line":73,"column":1}}},"8":{"name":"getStyle","decl":{"start":{"line":75,"column":9},"end":{"line":75,"column":0}},"loc":{"start":{"line":75,"column":27},"end":{"line":81,"column":1}}},"9":{"name":"hide","decl":{"start":{"line":83,"column":9},"end":{"line":83,"column":0}},"loc":{"start":{"line":83,"column":18},"end":{"line":85,"column":1}}},"10":{"name":"show","decl":{"start":{"line":87,"column":9},"end":{"line":87,"column":0}},"loc":{"start":{"line":87,"column":18},"end":{"line":89,"column":1}}},"11":{"name":"attr","decl":{"start":{"line":94,"column":9},"end":{"line":94,"column":0}},"loc":{"start":{"line":94,"column":38},"end":{"line":106,"column":1}}},"12":{"name":"getNode","decl":{"start":{"line":108,"column":9},"end":{"line":108,"column":0}},"loc":{"start":{"line":108,"column":27},"end":{"line":117,"column":1}}},"13":{"name":"randomColor","decl":{"start":{"line":119,"column":9},"end":{"line":119,"column":0}},"loc":{"start":{"line":119,"column":22},"end":{"line":124,"column":1}}},"14":{"name":"string2num","decl":{"start":{"line":125,"column":9},"end":{"line":125,"column":0}},"loc":{"start":{"line":125,"column":26},"end":{"line":130,"column":1}}},"15":{"name":"getCookie","decl":{"start":{"line":132,"column":9},"end":{"line":132,"column":0}},"loc":{"start":{"line":132,"column":25},"end":{"line":141,"column":1}}},"16":{"name":"getClassName","decl":{"start":{"line":143,"column":9},"end":{"line":143,"column":0}},"loc":{"start":{"line":143,"column":32},"end":{"line":154,"column":1}}},"17":{"name":"move","decl":{"start":{"line":158,"column":9},"end":{"line":158,"column":0}},"loc":{"start":{"line":158,"column":26},"end":{"line":194,"column":1}}},"18":{"name":"(anonymous_18)","decl":{"start":{"line":160,"column":23},"end":{"line":160,"column":32}},"loc":{"start":{"line":160,"column":33},"end":{"line":160,"column":11}}}},"branchMap":{"0":{"loc":{"start":{"line":5,"column":4},"end":{"line":10,"column":5}},"type":"if","locations":[{"start":{"line":5,"column":4},"end":{"line":10,"column":5}},{"start":{"line":5,"column":4},"end":{"line":10,"column":5}}]},"1":{"loc":{"start":{"line":19,"column":4},"end":{"line":24,"column":5}},"type":"if","locations":[{"start":{"line":19,"column":4},"end":{"line":24,"column":5}},{"start":{"line":19,"column":4},"end":{"line":24,"column":5}}]},"2":{"loc":{"start":{"line":33,"column":3},"end":{"line":35,"column":4}},"type":"if","locations":[{"start":{"line":33,"column":3},"end":{"line":35,"column":4}},{"start":{"line":33,"column":3},"end":{"line":35,"column":4}}]},"3":{"loc":{"start":{"line":43,"column":3},"end":{"line":45,"column":4}},"type":"if","locations":[{"start":{"line":43,"column":3},"end":{"line":45,"column":4}},{"start":{"line":43,"column":3},"end":{"line":45,"column":4}}]},"4":{"loc":{"start":{"line":53,"column":2},"end":{"line":55,"column":3}},"type":"if","locations":[{"start":{"line":53,"column":2},"end":{"line":55,"column":3}},{"start":{"line":53,"column":2},"end":{"line":55,"column":3}}]},"5":{"loc":{"start":{"line":66,"column":24},"end":{"line":66,"column":8}},"type":"cond-expr","locations":[{"start":{"line":66,"column":24},"end":{"line":66,"column":8}},{"start":{"line":66,"column":28},"end":{"line":66,"column":1}}]},"6":{"loc":{"start":{"line":72,"column":23},"end":{"line":72,"column":15}},"type":"cond-expr","locations":[{"start":{"line":72,"column":23},"end":{"line":72,"column":15}},{"start":{"line":72,"column":32},"end":{"line":72,"column":1}}]},"7":{"loc":{"start":{"line":76,"column":1},"end":{"line":80,"column":2}},"type":"if","locations":[{"start":{"line":76,"column":1},"end":{"line":80,"column":2}},{"start":{"line":76,"column":1},"end":{"line":80,"column":2}}]},"8":{"loc":{"start":{"line":95,"column":1},"end":{"line":97,"column":2}},"type":"if","locations":[{"start":{"line":95,"column":1},"end":{"line":97,"column":2}},{"start":{"line":95,"column":1},"end":{"line":97,"column":2}}]},"9":{"loc":{"start":{"line":99,"column":1},"end":{"line":101,"column":2}},"type":"if","locations":[{"start":{"line":99,"column":1},"end":{"line":101,"column":2}},{"start":{"line":99,"column":1},"end":{"line":101,"column":2}}]},"10":{"loc":{"start":{"line":103,"column":1},"end":{"line":105,"column":2}},"type":"if","locations":[{"start":{"line":103,"column":1},"end":{"line":105,"column":2}},{"start":{"line":103,"column":1},"end":{"line":105,"column":2}}]},"11":{"loc":{"start":{"line":112,"column":2},"end":{"line":114,"column":3}},"type":"if","locations":[{"start":{"line":112,"column":2},"end":{"line":114,"column":3}},{"start":{"line":112,"column":2},"end":{"line":114,"column":3}}]},"12":{"loc":{"start":{"line":126,"column":29},"end":{"line":126,"column":5}},"type":"cond-expr","locations":[{"start":{"line":126,"column":29},"end":{"line":126,"column":5}},{"start":{"line":126,"column":48},"end":{"line":126,"column":1}}]},"13":{"loc":{"start":{"line":127,"column":29},"end":{"line":127,"column":5}},"type":"cond-expr","locations":[{"start":{"line":127,"column":29},"end":{"line":127,"column":5}},{"start":{"line":127,"column":48},"end":{"line":127,"column":1}}]},"14":{"loc":{"start":{"line":128,"column":29},"end":{"line":128,"column":5}},"type":"cond-expr","locations":[{"start":{"line":128,"column":29},"end":{"line":128,"column":5}},{"start":{"line":128,"column":48},"end":{"line":128,"column":1}}]},"15":{"loc":{"start":{"line":137,"column":2},"end":{"line":139,"column":3}},"type":"if","locations":[{"start":{"line":137,"column":2},"end":{"line":139,"column":3}},{"start":{"line":137,"column":2},"end":{"line":139,"column":3}}]},"16":{"loc":{"start":{"line":149,"column":2},"end":{"line":151,"column":3}},"type":"if","locations":[{"start":{"line":149,"column":2},"end":{"line":151,"column":3}},{"start":{"line":149,"column":2},"end":{"line":151,"column":3}}]},"17":{"loc":{"start":{"line":165,"column":3},"end":{"line":169,"column":4}},"type":"if","locations":[{"start":{"line":165,"column":3},"end":{"line":169,"column":4}},{"start":{"line":165,"column":3},"end":{"line":169,"column":4}}]},"18":{"loc":{"start":{"line":174,"column":19},"end":{"line":174,"column":11}},"type":"cond-expr","locations":[{"start":{"line":174,"column":19},"end":{"line":174,"column":11}},{"start":{"line":174,"column":36},"end":{"line":174,"column":3}}]},"19":{"loc":{"start":{"line":175,"column":3},"end":{"line":177,"column":4}},"type":"if","locations":[{"start":{"line":175,"column":3},"end":{"line":177,"column":4}},{"start":{"line":175,"column":3},"end":{"line":177,"column":4}}]},"20":{"loc":{"start":{"line":179,"column":3},"end":{"line":184,"column":4}},"type":"if","locations":[{"start":{"line":179,"column":3},"end":{"line":184,"column":4}},{"start":{"line":179,"column":3},"end":{"line":184,"column":4}}]},"21":{"loc":{"start":{"line":187,"column":2},"end":{"line":192,"column":3}},"type":"if","locations":[{"start":{"line":187,"column":2},"end":{"line":192,"column":3}},{"start":{"line":187,"column":2},"end":{"line":192,"column":3}}]},"22":{"loc":{"start":{"line":189,"column":3},"end":{"line":191,"column":4}},"type":"if","locations":[{"start":{"line":189,"column":3},"end":{"line":191,"column":4}},{"start":{"line":189,"column":3},"end":{"line":191,"column":4}}]}},"s":{"0":0,"1":0,"2":0,"3":0,"4":0,"5":0,"6":0,"7":0,"8":0,"9":0,"10":0,"11":0,"12":0,"13":0,"14":0,"15":0,"16":0,"17":0,"18":0,"19":0,"20":0,"21":0,"22":0,"23":0,"24":0,"25":0,"26":0,"27":0,"28":0,"29":0,"30":0,"31":0,"32":0,"33":0,"34":0,"35":0,"36":0,"37":0,"38":0,"39":0,"40":0,"41":0,"42":0,"43":0,"44":0,"45":0,"46":0,"47":0,"48":0,"49":0,"50":0,"51":0,"52":0,"53":0,"54":0,"55":0,"56":0,"57":0,"58":0,"59":0,"60":0,"61":0,"62":0,"63":0,"64":0,"65":0,"66":0,"67":0,"68":0,"69":0,"70":0,"71":0,"72":0,"73":0,"74":0,"75":0,"76":0,"77":0,"78":0,"79":0,"80":0,"81":0,"82":0,"83":0,"84":0,"85":0,"86":0,"87":0,"88":0,"89":0,"90":0,"91":0,"92":0},"f":{"0":0,"1":0,"2":0,"3":0,"4":0,"5":0,"6":0,"7":0,"8":0,"9":0,"10":0,"11":0,"12":0,"13":0,"14":0,"15":0,"16":0,"17":0,"18":0},"b":{"0":[0,0],"1":[0,0],"2":[0,0],"3":[0,0],"4":[0,0],"5":[0,0],"6":[0,0],"7":[0,0],"8":[0,0],"9":[0,0],"10":[0,0],"11":[0,0],"12":[0,0],"13":[0,0],"14":[0,0],"15":[0,0],"16":[0,0],"17":[0,0],"18":[0,0],"19":[0,0],"20":[0,0],"21":[0,0],"22":[0,0]}}
,"C:\\Users\\admin\\Desktop\\hbcx\\hbcx\\src\\assets\\js\\tool.js": {"path":"C:\\Users\\admin\\Desktop\\hbcx\\hbcx\\src\\assets\\js\\tool.js","statementMap":{"0":{"start":{"line":1,"column":13},"end":{"line":1,"column":0}},"1":{"start":{"line":4,"column":18},"end":{"line":4,"column":8}},"2":{"start":{"line":8,"column":8},"end":{"line":14,"column":9}},"3":{"start":{"line":9,"column":10},"end":{"line":13,"column":11}},"4":{"start":{"line":10,"column":12},"end":{"line":12,"column":13}},"5":{"start":{"line":11,"column":14},"end":{"line":null,"column":-1}},"6":{"start":{"line":15,"column":8},"end":{"line":null,"column":-1}},"7":{"start":{"line":19,"column":19},"end":{"line":19,"column":8}},"8":{"start":{"line":20,"column":8},"end":{"line":null,"column":-1}},"9":{"start":{"line":21,"column":8},"end":{"line":null,"column":-1}},"10":{"start":{"line":24,"column":0},"end":{"line":null,"column":-1}}},"fnMap":{"0":{"name":"bubbleSort","decl":{"start":{"line":3,"column":17},"end":{"line":3,"column":25}},"loc":{"start":{"line":3,"column":34},"end":{"line":1,"column":13}}},"1":{"name":"swap","decl":{"start":{"line":18,"column":20},"end":{"line":18,"column":11}},"loc":{"start":{"line":18,"column":41},"end":{"line":22,"column":5}}}},"branchMap":{"0":{"loc":{"start":{"line":10,"column":12},"end":{"line":12,"column":13}},"type":"if","locations":[{"start":{"line":10,"column":12},"end":{"line":12,"column":13}},{"start":{"line":10,"column":12},"end":{"line":12,"column":13}}]}},"s":{"0":0,"1":0,"2":0,"3":0,"4":0,"5":0,"6":0,"7":0,"8":0,"9":0,"10":0},"f":{"0":0,"1":0},"b":{"0":[0,0]}}
}
