TN:
SF:C:\Users\admin\Desktop\hbcx\hbcx\src\assets\js\pool.js
FN:2,bubSort
FN:16,selSort
FN:30,getMax
FN:40,getMin
FN:50,norepeat
FN:60,random1num
FN:65,date1String
FN:71,isDblNum
FN:75,getStyle
FN:83,hide
FN:87,show
FN:94,attr
FN:108,getNode
FN:119,randomColor
FN:125,string2num
FN:132,getCookie
FN:143,getClassName
FN:158,move
FN:160,(anonymous_18)
FNF:19
FNH:0
FNDA:0,bubSort
FNDA:0,selSort
FNDA:0,getMax
FNDA:0,getMin
FNDA:0,norepeat
FNDA:0,random1num
FNDA:0,date1String
FNDA:0,isDblNum
FNDA:0,getStyle
FNDA:0,hide
FNDA:0,show
FNDA:0,attr
FNDA:0,getNode
FNDA:0,randomColor
FNDA:0,string2num
FNDA:0,getCookie
FNDA:0,getClassName
FNDA:0,move
FNDA:0,(anonymous_18)
DA:3,0
DA:4,0
DA:5,0
DA:7,0
DA:8,0
DA:9,0
DA:13,0
DA:17,0
DA:18,0
DA:19,0
DA:21,0
DA:22,0
DA:23,0
DA:27,0
DA:31,0
DA:32,0
DA:33,0
DA:34,0
DA:37,0
DA:41,0
DA:42,0
DA:43,0
DA:44,0
DA:47,0
DA:51,0
DA:52,0
DA:53,0
DA:54,0
DA:57,0
DA:61,0
DA:66,0
DA:67,0
DA:72,0
DA:76,0
DA:77,0
DA:79,0
DA:84,0
DA:88,0
DA:95,0
DA:96,0
DA:99,0
DA:100,0
DA:103,0
DA:104,0
DA:109,0
DA:110,0
DA:111,0
DA:112,0
DA:113,0
DA:116,0
DA:120,0
DA:121,0
DA:122,0
DA:123,0
DA:126,0
DA:127,0
DA:128,0
DA:129,0
DA:133,0
DA:134,0
DA:135,0
DA:136,0
DA:137,0
DA:138,0
DA:144,0
DA:145,0
DA:146,0
DA:147,0
DA:148,0
DA:149,0
DA:150,0
DA:153,0
DA:159,0
DA:160,0
DA:161,0
DA:162,0
DA:164,0
DA:165,0
DA:166,0
DA:168,0
DA:172,0
DA:173,0
DA:174,0
DA:175,0
DA:176,0
DA:179,0
DA:180,0
DA:181,0
DA:183,0
DA:187,0
DA:188,0
DA:189,0
DA:190,0
LF:93
LH:0
BRDA:5,0,0,0
BRDA:5,0,1,0
BRDA:19,1,0,0
BRDA:19,1,1,0
BRDA:33,2,0,0
BRDA:33,2,1,0
BRDA:43,3,0,0
BRDA:43,3,1,0
BRDA:53,4,0,0
BRDA:53,4,1,0
BRDA:66,5,0,0
BRDA:66,5,1,0
BRDA:72,6,0,0
BRDA:72,6,1,0
BRDA:76,7,0,0
BRDA:76,7,1,0
BRDA:95,8,0,0
BRDA:95,8,1,0
BRDA:99,9,0,0
BRDA:99,9,1,0
BRDA:103,10,0,0
BRDA:103,10,1,0
BRDA:112,11,0,0
BRDA:112,11,1,0
BRDA:126,12,0,0
BRDA:126,12,1,0
BRDA:127,13,0,0
BRDA:127,13,1,0
BRDA:128,14,0,0
BRDA:128,14,1,0
BRDA:137,15,0,0
BRDA:137,15,1,0
BRDA:149,16,0,0
BRDA:149,16,1,0
BRDA:165,17,0,0
BRDA:165,17,1,0
BRDA:174,18,0,0
BRDA:174,18,1,0
BRDA:175,19,0,0
BRDA:175,19,1,0
BRDA:179,20,0,0
BRDA:179,20,1,0
BRDA:187,21,0,0
BRDA:187,21,1,0
BRDA:189,22,0,0
BRDA:189,22,1,0
BRF:46
BRH:0
end_of_record
TN:
SF:C:\Users\admin\Desktop\hbcx\hbcx\src\assets\js\tool.js
FN:3,bubbleSort
FN:18,swap
FNF:2
FNH:0
FNDA:0,bubbleSort
FNDA:0,swap
DA:1,0
DA:4,0
DA:8,0
DA:9,0
DA:10,0
DA:11,0
DA:15,0
DA:19,0
DA:20,0
DA:21,0
DA:24,0
LF:11
LH:0
BRDA:10,0,0,0
BRDA:10,0,1,0
BRF:2
BRH:0
end_of_record
